<?xml version="1.0" encoding="UTF-8"?>
<!-- Generated by org.testng.reporters.JUnitReportReporter -->
<testsuite hostname="LTIN124608" failures="0" tests="1" name="testSuite.SmokeTest" time="57.930" errors="0" timestamp="2021-12-28T18:15:27 IST" skipped="0">
  <testcase classname="testSuite.SmokeTest" name="smokeTesting" time="57.930"/>
  <system-out/>
</testsuite> <!-- testSuite.SmokeTest -->
