<?xml version="1.0" encoding="UTF-8"?>
<!-- Generated by org.testng.reporters.JUnitReportReporter -->
<testsuite hostname="LTIN203482" failures="0" tests="3" name="testClass.Defect" time="79.510" errors="0" timestamp="24 Dec 2021 07:29:29 GMT" skipped="0">
  <testcase classname="testClass.Defect" name="openURL" time="30.848"/>
  <testcase classname="testClass.Defect" name="openProject" time="42.308"/>
  <testcase classname="testClass.Defect" name="invokeBrowser" time="6.354"/>
</testsuite> <!-- testClass.Defect -->
